<?xml version="1.0" encoding="UTF-8"?>
<testng-results skipped="0" failed="0" ignored="0" total="1" passed="1">
  <reporter-output>
  </reporter-output>
  <suite name="OpenCartSuite" duration-ms="40523" started-at="2023-12-26T17:58:04 TRT" finished-at="2023-12-26T17:58:44 TRT">
    <groups>
      <group name="Master">
        <method signature="TC_001_AccountRegistrationTest.test_account_Registration()[pri:0, instance:testCases.TC_001_AccountRegistrationTest@10dba097]" name="test_account_Registration" class="testCases.TC_001_AccountRegistrationTest"/>
      </group> <!-- Master -->
      <group name="Regression">
        <method signature="TC_001_AccountRegistrationTest.test_account_Registration()[pri:0, instance:testCases.TC_001_AccountRegistrationTest@10dba097]" name="test_account_Registration" class="testCases.TC_001_AccountRegistrationTest"/>
      </group> <!-- Regression -->
    </groups>
    <test name="OpenCartTest" duration-ms="40523" started-at="2023-12-26T17:58:04 TRT" finished-at="2023-12-26T17:58:44 TRT">
      <class name="testCases.TC_001_AccountRegistrationTest">
        <test-method status="PASS" signature="setup(java.lang.String)[pri:0, instance:testCases.TC_001_AccountRegistrationTest@10dba097]" name="setup" is-config="true" duration-ms="31004" started-at="2023-12-26T17:58:05 TRT" finished-at="2023-12-26T17:58:36 TRT">
          <params>
            <param index="0">
              <value>
                <![CDATA[chrome]]>
              </value>
            </param>
          </params>
          <reporter-output>
          </reporter-output>
        </test-method> <!-- setup -->
        <test-method status="PASS" signature="test_account_Registration()[pri:0, instance:testCases.TC_001_AccountRegistrationTest@10dba097]" name="test_account_Registration" duration-ms="7427" started-at="2023-12-26T17:58:36 TRT" finished-at="2023-12-26T17:58:43 TRT">
          <reporter-output>
          </reporter-output>
        </test-method> <!-- test_account_Registration -->
        <test-method status="PASS" signature="tearDown()[pri:0, instance:testCases.TC_001_AccountRegistrationTest@10dba097]" name="tearDown" is-config="true" duration-ms="886" started-at="2023-12-26T17:58:44 TRT" finished-at="2023-12-26T17:58:44 TRT">
          <reporter-output>
          </reporter-output>
        </test-method> <!-- tearDown -->
      </class> <!-- testCases.TC_001_AccountRegistrationTest -->
    </test> <!-- OpenCartTest -->
  </suite> <!-- OpenCartSuite -->
</testng-results>
